Flow report for Nios_SPI
Mon Jan 08 23:06:46 2018
Quartus II 32-bit Version 11.1 Build 173 11/01/2011 SJ Web Edition


---------------------
; Table of Contents ;
---------------------
  1. Legal Notice
  2. Flow Summary
  3. Flow Settings
  4. Flow Non-Default Global Settings
  5. Flow Elapsed Time
  6. Flow OS Summary
  7. Flow Log



----------------
; Legal Notice ;
----------------
Copyright (C) 1991-2011 Altera Corporation
Your use of Altera Corporation's design tools, logic functions 
and other software and tools, and its AMPP partner logic 
functions, and any output files from any of the foregoing 
(including device programming or simulation files), and any 
associated documentation or information are expressly subject 
to the terms and conditions of the Altera Program License 
Subscription Agreement, Altera MegaCore Function License 
Agreement, or other applicable license agreement, including, 
without limitation, that your use is for the sole purpose of 
programming logic devices manufactured by Altera and sold by 
Altera or its authorized distributors.  Please refer to the 
applicable agreement for further details.



+-------------------------------------------------------------------------------+
; Flow Summary                                                                  ;
+------------------------------------+------------------------------------------+
; Flow Status                        ; Successful - Mon Jan 08 23:06:46 2018    ;
; Quartus II 32-bit Version          ; 11.1 Build 173 11/01/2011 SJ Web Edition ;
; Revision Name                      ; Nios_SPI                                 ;
; Top-level Entity Name              ; Nios_SPI                                 ;
; Family                             ; Cyclone II                               ;
; Device                             ; EP2C35F672C6                             ;
; Timing Models                      ; Final                                    ;
; Total logic elements               ; 1,464                                    ;
;     Total combinational functions  ; 1,289                                    ;
;     Dedicated logic registers      ; 750                                      ;
; Total registers                    ; 750                                      ;
; Total pins                         ; 5                                        ;
; Total virtual pins                 ; 0                                        ;
; Total memory bits                  ; 43,008                                   ;
; Embedded Multiplier 9-bit elements ; 0                                        ;
; Total PLLs                         ; 0                                        ;
+------------------------------------+------------------------------------------+


+-----------------------------------------+
; Flow Settings                           ;
+-------------------+---------------------+
; Option            ; Setting             ;
+-------------------+---------------------+
; Start date & time ; 01/08/2018 23:06:34 ;
; Main task         ; Compilation         ;
; Revision Name     ; Nios_SPI            ;
+-------------------+---------------------+


+-----------------------------------------------------------------------------------------------------------------------------------------------------------------+
; Flow Non-Default Global Settings                                                                                                                                ;
+-------------------------------------+------------------------------------------------------------+---------------+---------------------------------+------------+
; Assignment Name                     ; Value                                                      ; Default Value ; Entity Name                     ; Section Id ;
+-------------------------------------+------------------------------------------------------------+---------------+---------------------------------+------------+
; COMPILER_SIGNATURE_ID               ; 264390073837325.151544919405912                            ; --            ; --                              ; --         ;
; IP_TOOL_ENV                         ; qsys                                                       ; --            ; SPI_qsys                        ; --         ;
; IP_TOOL_ENV                         ; qsys                                                       ; --            ; SPI_qsys_addr_router            ; --         ;
; IP_TOOL_ENV                         ; qsys                                                       ; --            ; SPI_qsys_addr_router_001        ; --         ;
; IP_TOOL_ENV                         ; qsys                                                       ; --            ; SPI_qsys_cmd_xbar_demux         ; --         ;
; IP_TOOL_ENV                         ; qsys                                                       ; --            ; SPI_qsys_cmd_xbar_demux_001     ; --         ;
; IP_TOOL_ENV                         ; qsys                                                       ; --            ; SPI_qsys_cmd_xbar_mux           ; --         ;
; IP_TOOL_ENV                         ; qsys                                                       ; --            ; SPI_qsys_id_router              ; --         ;
; IP_TOOL_ENV                         ; qsys                                                       ; --            ; SPI_qsys_id_router_002          ; --         ;
; IP_TOOL_ENV                         ; qsys                                                       ; --            ; SPI_qsys_irq_mapper             ; --         ;
; IP_TOOL_ENV                         ; qsys                                                       ; --            ; SPI_qsys_nios2_qsys_0           ; --         ;
; IP_TOOL_ENV                         ; qsys                                                       ; --            ; SPI_qsys_onchip_memory2_0       ; --         ;
; IP_TOOL_ENV                         ; qsys                                                       ; --            ; SPI_qsys_rsp_xbar_demux_002     ; --         ;
; IP_TOOL_ENV                         ; qsys                                                       ; --            ; SPI_qsys_rsp_xbar_mux           ; --         ;
; IP_TOOL_ENV                         ; qsys                                                       ; --            ; SPI_qsys_rsp_xbar_mux_001       ; --         ;
; IP_TOOL_ENV                         ; qsys                                                       ; --            ; SPI_qsys_spi_0                  ; --         ;
; IP_TOOL_ENV                         ; qsys                                                       ; --            ; altera_avalon_sc_fifo           ; --         ;
; IP_TOOL_ENV                         ; qsys                                                       ; --            ; altera_merlin_master_agent      ; --         ;
; IP_TOOL_ENV                         ; qsys                                                       ; --            ; altera_merlin_master_translator ; --         ;
; IP_TOOL_ENV                         ; qsys                                                       ; --            ; altera_merlin_slave_agent       ; --         ;
; IP_TOOL_ENV                         ; qsys                                                       ; --            ; altera_merlin_slave_translator  ; --         ;
; IP_TOOL_ENV                         ; qsys                                                       ; --            ; altera_reset_controller         ; --         ;
; IP_TOOL_NAME                        ; qsys                                                       ; --            ; SPI_qsys                        ; --         ;
; IP_TOOL_NAME                        ; altera_merlin_router                                       ; --            ; SPI_qsys_addr_router            ; --         ;
; IP_TOOL_NAME                        ; altera_merlin_router                                       ; --            ; SPI_qsys_addr_router_001        ; --         ;
; IP_TOOL_NAME                        ; altera_merlin_demultiplexer                                ; --            ; SPI_qsys_cmd_xbar_demux         ; --         ;
; IP_TOOL_NAME                        ; altera_merlin_demultiplexer                                ; --            ; SPI_qsys_cmd_xbar_demux_001     ; --         ;
; IP_TOOL_NAME                        ; altera_merlin_multiplexer                                  ; --            ; SPI_qsys_cmd_xbar_mux           ; --         ;
; IP_TOOL_NAME                        ; altera_merlin_router                                       ; --            ; SPI_qsys_id_router              ; --         ;
; IP_TOOL_NAME                        ; altera_merlin_router                                       ; --            ; SPI_qsys_id_router_002          ; --         ;
; IP_TOOL_NAME                        ; altera_irq_mapper                                          ; --            ; SPI_qsys_irq_mapper             ; --         ;
; IP_TOOL_NAME                        ; altera_nios2_qsys                                          ; --            ; SPI_qsys_nios2_qsys_0           ; --         ;
; IP_TOOL_NAME                        ; altera_avalon_onchip_memory2                               ; --            ; SPI_qsys_onchip_memory2_0       ; --         ;
; IP_TOOL_NAME                        ; altera_merlin_demultiplexer                                ; --            ; SPI_qsys_rsp_xbar_demux_002     ; --         ;
; IP_TOOL_NAME                        ; altera_merlin_multiplexer                                  ; --            ; SPI_qsys_rsp_xbar_mux           ; --         ;
; IP_TOOL_NAME                        ; altera_merlin_multiplexer                                  ; --            ; SPI_qsys_rsp_xbar_mux_001       ; --         ;
; IP_TOOL_NAME                        ; altera_avalon_spi                                          ; --            ; SPI_qsys_spi_0                  ; --         ;
; IP_TOOL_NAME                        ; altera_avalon_sc_fifo                                      ; --            ; altera_avalon_sc_fifo           ; --         ;
; IP_TOOL_NAME                        ; altera_merlin_master_agent                                 ; --            ; altera_merlin_master_agent      ; --         ;
; IP_TOOL_NAME                        ; altera_merlin_master_translator                            ; --            ; altera_merlin_master_translator ; --         ;
; IP_TOOL_NAME                        ; altera_merlin_slave_agent                                  ; --            ; altera_merlin_slave_agent       ; --         ;
; IP_TOOL_NAME                        ; altera_merlin_slave_translator                             ; --            ; altera_merlin_slave_translator  ; --         ;
; IP_TOOL_NAME                        ; altera_reset_controller                                    ; --            ; altera_reset_controller         ; --         ;
; IP_TOOL_VERSION                     ; 11.1                                                       ; --            ; SPI_qsys                        ; --         ;
; IP_TOOL_VERSION                     ; 11.1                                                       ; --            ; SPI_qsys_addr_router            ; --         ;
; IP_TOOL_VERSION                     ; 11.1                                                       ; --            ; SPI_qsys_addr_router_001        ; --         ;
; IP_TOOL_VERSION                     ; 11.1                                                       ; --            ; SPI_qsys_cmd_xbar_demux         ; --         ;
; IP_TOOL_VERSION                     ; 11.1                                                       ; --            ; SPI_qsys_cmd_xbar_demux_001     ; --         ;
; IP_TOOL_VERSION                     ; 11.1                                                       ; --            ; SPI_qsys_cmd_xbar_mux           ; --         ;
; IP_TOOL_VERSION                     ; 11.1                                                       ; --            ; SPI_qsys_id_router              ; --         ;
; IP_TOOL_VERSION                     ; 11.1                                                       ; --            ; SPI_qsys_id_router_002          ; --         ;
; IP_TOOL_VERSION                     ; 11.1                                                       ; --            ; SPI_qsys_irq_mapper             ; --         ;
; IP_TOOL_VERSION                     ; 11.1                                                       ; --            ; SPI_qsys_nios2_qsys_0           ; --         ;
; IP_TOOL_VERSION                     ; 11.1                                                       ; --            ; SPI_qsys_onchip_memory2_0       ; --         ;
; IP_TOOL_VERSION                     ; 11.1                                                       ; --            ; SPI_qsys_rsp_xbar_demux_002     ; --         ;
; IP_TOOL_VERSION                     ; 11.1                                                       ; --            ; SPI_qsys_rsp_xbar_mux           ; --         ;
; IP_TOOL_VERSION                     ; 11.1                                                       ; --            ; SPI_qsys_rsp_xbar_mux_001       ; --         ;
; IP_TOOL_VERSION                     ; 11.1                                                       ; --            ; SPI_qsys_spi_0                  ; --         ;
; IP_TOOL_VERSION                     ; 11.1                                                       ; --            ; altera_avalon_sc_fifo           ; --         ;
; IP_TOOL_VERSION                     ; 11.1                                                       ; --            ; altera_merlin_master_agent      ; --         ;
; IP_TOOL_VERSION                     ; 11.1                                                       ; --            ; altera_merlin_master_translator ; --         ;
; IP_TOOL_VERSION                     ; 11.1                                                       ; --            ; altera_merlin_slave_agent       ; --         ;
; IP_TOOL_VERSION                     ; 11.1                                                       ; --            ; altera_merlin_slave_translator  ; --         ;
; IP_TOOL_VERSION                     ; 11.1                                                       ; --            ; altera_reset_controller         ; --         ;
; MAX_CORE_JUNCTION_TEMP              ; 85                                                         ; --            ; --                              ; --         ;
; MIN_CORE_JUNCTION_TEMP              ; 0                                                          ; --            ; --                              ; --         ;
; MISC_FILE                           ; SPI_qsys/synthesis/../../SPI_qsys.sopcinfo                 ; --            ; --                              ; --         ;
; MISC_FILE                           ; SPI_qsys/synthesis/../../SPI_qsys.qsys                     ; --            ; --                              ; --         ;
; PARTITION_COLOR                     ; 16764057                                                   ; --            ; --                              ; Top        ;
; PARTITION_FITTER_PRESERVATION_LEVEL ; PLACEMENT_AND_ROUTING                                      ; --            ; --                              ; Top        ;
; PARTITION_NETLIST_TYPE              ; SOURCE                                                     ; --            ; --                              ; Top        ;
; SLD_INFO                            ; QSYS_NAME SPI_qsys HAS_SOPCINFO 1 GENERATION_ID 1515447883 ; --            ; SPI_qsys                        ; --         ;
+-------------------------------------+------------------------------------------------------------+---------------+---------------------------------+------------+


+--------------------------------------------------------------------------------------------------------------------------+
; Flow Elapsed Time                                                                                                        ;
+----------------------+--------------+-------------------------+---------------------+------------------------------------+
; Module Name          ; Elapsed Time ; Average Processors Used ; Peak Virtual Memory ; Total CPU Time (on all processors) ;
+----------------------+--------------+-------------------------+---------------------+------------------------------------+
; Analysis & Synthesis ; 00:00:11     ; 1.0                     ; 377 MB              ; 00:00:11                           ;
; Total                ; 00:00:11     ; --                      ; --                  ; 00:00:11                           ;
+----------------------+--------------+-------------------------+---------------------+------------------------------------+


+-----------------------------------------------------------------------------------+
; Flow OS Summary                                                                   ;
+----------------------+------------------+-----------+------------+----------------+
; Module Name          ; Machine Hostname ; OS Name   ; OS Version ; Processor type ;
+----------------------+------------------+-----------+------------+----------------+
; Analysis & Synthesis ; DESKTOP-JJSJ1KH  ; Windows 7 ; 6.2        ; x86_64         ;
+----------------------+------------------+-----------+------------+----------------+


------------
; Flow Log ;
------------
quartus_map --read_settings_files=on --write_settings_files=off Nios_SPI -c Nios_SPI



