Flow report for Qsys_Proj
Sat Jan 27 09:57:08 2018
Quartus II 32-bit Version 11.1 Build 173 11/01/2011 SJ Web Edition


---------------------
; Table of Contents ;
---------------------
  1. Legal Notice
  2. Flow Summary
  3. Flow Settings
  4. Flow Non-Default Global Settings
  5. Flow Elapsed Time
  6. Flow OS Summary
  7. Flow Log



----------------
; Legal Notice ;
----------------
Copyright (C) 1991-2011 Altera Corporation
Your use of Altera Corporation's design tools, logic functions 
and other software and tools, and its AMPP partner logic 
functions, and any output files from any of the foregoing 
(including device programming or simulation files), and any 
associated documentation or information are expressly subject 
to the terms and conditions of the Altera Program License 
Subscription Agreement, Altera MegaCore Function License 
Agreement, or other applicable license agreement, including, 
without limitation, that your use is for the sole purpose of 
programming logic devices manufactured by Altera and sold by 
Altera or its authorized distributors.  Please refer to the 
applicable agreement for further details.



+-------------------------------------------------------------------------------+
; Flow Summary                                                                  ;
+------------------------------------+------------------------------------------+
; Flow Status                        ; Successful - Sat Jan 27 09:57:03 2018    ;
; Quartus II 32-bit Version          ; 11.1 Build 173 11/01/2011 SJ Web Edition ;
; Revision Name                      ; Qsys_Proj                                ;
; Top-level Entity Name              ; QS_beforedelete                          ;
; Family                             ; Cyclone III                              ;
; Device                             ; EP3C25F324C8                             ;
; Timing Models                      ; Final                                    ;
; Total logic elements               ; 1,489 / 24,624 ( 6 % )                   ;
;     Total combinational functions  ; 1,404 / 24,624 ( 6 % )                   ;
;     Dedicated logic registers      ; 795 / 24,624 ( 3 % )                     ;
; Total registers                    ; 795                                      ;
; Total pins                         ; 17 / 216 ( 8 % )                         ;
; Total virtual pins                 ; 0                                        ;
; Total memory bits                  ; 44,032 / 608,256 ( 7 % )                 ;
; Embedded Multiplier 9-bit elements ; 0 / 132 ( 0 % )                          ;
; Total PLLs                         ; 0 / 4 ( 0 % )                            ;
+------------------------------------+------------------------------------------+


+-----------------------------------------+
; Flow Settings                           ;
+-------------------+---------------------+
; Option            ; Setting             ;
+-------------------+---------------------+
; Start date & time ; 01/27/2018 09:56:17 ;
; Main task         ; Compilation         ;
; Revision Name     ; Qsys_Proj           ;
+-------------------+---------------------+


+----------------------------------------------------------------------------------------------------------------------+
; Flow Non-Default Global Settings                                                                                     ;
+-------------------------------------+---------------------------------+---------------+-----------------+------------+
; Assignment Name                     ; Value                           ; Default Value ; Entity Name     ; Section Id ;
+-------------------------------------+---------------------------------+---------------+-----------------+------------+
; COMPILER_SIGNATURE_ID               ; 264390073837325.151704337707200 ; --            ; --              ; --         ;
; MAX_CORE_JUNCTION_TEMP              ; 85                              ; --            ; --              ; --         ;
; MIN_CORE_JUNCTION_TEMP              ; 0                               ; --            ; --              ; --         ;
; PARTITION_COLOR                     ; 16764057                        ; --            ; QS_beforedelete ; Top        ;
; PARTITION_FITTER_PRESERVATION_LEVEL ; PLACEMENT_AND_ROUTING           ; --            ; QS_beforedelete ; Top        ;
; PARTITION_NETLIST_TYPE              ; SOURCE                          ; --            ; QS_beforedelete ; Top        ;
; TOP_LEVEL_ENTITY                    ; QS_beforedelete                 ; Qsys_Proj     ; --              ; --         ;
+-------------------------------------+---------------------------------+---------------+-----------------+------------+


+-------------------------------------------------------------------------------------------------------------------------------+
; Flow Elapsed Time                                                                                                             ;
+---------------------------+--------------+-------------------------+---------------------+------------------------------------+
; Module Name               ; Elapsed Time ; Average Processors Used ; Peak Virtual Memory ; Total CPU Time (on all processors) ;
+---------------------------+--------------+-------------------------+---------------------+------------------------------------+
; Analysis & Synthesis      ; 00:00:22     ; 1.0                     ; 385 MB              ; 00:00:14                           ;
; Fitter                    ; 00:00:14     ; 1.0                     ; 432 MB              ; 00:00:10                           ;
; Assembler                 ; 00:00:03     ; 1.0                     ; 336 MB              ; 00:00:02                           ;
; TimeQuest Timing Analyzer ; 00:00:09     ; 1.0                     ; 341 MB              ; 00:00:05                           ;
; Total                     ; 00:00:48     ; --                      ; --                  ; 00:00:31                           ;
+---------------------------+--------------+-------------------------+---------------------+------------------------------------+


+----------------------------------------------------------------------------------------+
; Flow OS Summary                                                                        ;
+---------------------------+------------------+-----------+------------+----------------+
; Module Name               ; Machine Hostname ; OS Name   ; OS Version ; Processor type ;
+---------------------------+------------------+-----------+------------+----------------+
; Analysis & Synthesis      ; DESKTOP-JJSJ1KH  ; Windows 7 ; 6.2        ; x86_64         ;
; Fitter                    ; DESKTOP-JJSJ1KH  ; Windows 7 ; 6.2        ; x86_64         ;
; Assembler                 ; DESKTOP-JJSJ1KH  ; Windows 7 ; 6.2        ; x86_64         ;
; TimeQuest Timing Analyzer ; DESKTOP-JJSJ1KH  ; Windows 7 ; 6.2        ; x86_64         ;
+---------------------------+------------------+-----------+------------+----------------+


------------
; Flow Log ;
------------
quartus_map --read_settings_files=on --write_settings_files=off Qsys_Proj -c Qsys_Proj
quartus_fit --read_settings_files=off --write_settings_files=off Qsys_Proj -c Qsys_Proj
quartus_asm --read_settings_files=off --write_settings_files=off Qsys_Proj -c Qsys_Proj
quartus_sta Qsys_Proj -c Qsys_Proj



